<?xml version="1.0" encoding="UTF-8"?>
<!-- Generated by org.testng.reporters.JUnitXMLReporter -->
<testsuite hostname="rahul-linux" ignored="3" name="Default test" tests="1" failures="0" timestamp="2019-08-24T23:15:44 IST" time="0.069" errors="0">
  <testcase name="deleteAPatient" time="0.012" classname="com.rahul.hpmgmt.services.impl.PatientServicesTest"/>
  <testcase name="updateAnExistingPatientTest" time="0.0" classname="com.rahul.hpmgmt.services.impl.PatientServicesTest">
    <ignored/>
  </testcase> <!-- updateAnExistingPatientTest -->
  <testcase name="readAllPatientsTest" time="0.0" classname="com.rahul.hpmgmt.services.impl.PatientServicesTest">
    <ignored/>
  </testcase> <!-- readAllPatientsTest -->
  <testcase name="createANewPatientTest" time="0.0" classname="com.rahul.hpmgmt.services.impl.PatientServicesTest">
    <ignored/>
  </testcase> <!-- createANewPatientTest -->
</testsuite> <!-- Default test -->
