<?xml version="1.0" encoding="UTF-8"?>
<!-- Generated by org.testng.reporters.JUnitXMLReporter -->
<testsuite hostname="rahul-linux" ignored="0" name="Default test" tests="3" failures="0" timestamp="2019-08-24T22:14:14 IST" time="0.06" errors="0">
  <testcase name="createANewPatientTest" time="0.011" classname="com.rahul.hpmgmt.services.impl.PatientServicesTest"/>
  <testcase name="readAllPatientsTest" time="0.002" classname="com.rahul.hpmgmt.services.impl.PatientServicesTest"/>
  <testcase name="updateAnExistingPatientTest" time="0.003" classname="com.rahul.hpmgmt.services.impl.PatientServicesTest"/>
</testsuite> <!-- Default test -->
