<?xml version="1.0" encoding="UTF-8"?>
<testng-results ignored="3" total="4" passed="1" failed="0" skipped="0">
  <reporter-output>
  </reporter-output>
  <suite started-at="2019-08-26T17:14:45 IST" name="Default suite" finished-at="2019-08-26T17:14:45 IST" duration-ms="93">
    <groups>
    </groups>
    <test started-at="2019-08-26T17:14:45 IST" name="Default test" finished-at="2019-08-26T17:14:45 IST" duration-ms="93">
      <class name="com.rahul.hpmgmt.services.impl.PatientServicesTest">
        <test-method is-config="true" signature="setUp()[pri:0, instance:com.rahul.hpmgmt.services.impl.PatientServicesTest@2f7298b]" started-at="2019-08-26T17:14:45 IST" name="setUp" finished-at="2019-08-26T17:14:45 IST" duration-ms="20" status="PASS">
          <reporter-output>
          </reporter-output>
        </test-method> <!-- setUp -->
        <test-method signature="readAllPatientsTest()[pri:0, instance:com.rahul.hpmgmt.services.impl.PatientServicesTest@2f7298b]" started-at="2019-08-26T17:14:45 IST" name="readAllPatientsTest" finished-at="2019-08-26T17:14:45 IST" duration-ms="20" status="PASS">
          <reporter-output>
          </reporter-output>
        </test-method> <!-- readAllPatientsTest -->
      </class> <!-- com.rahul.hpmgmt.services.impl.PatientServicesTest -->
    </test> <!-- Default test -->
  </suite> <!-- Default suite -->
</testng-results>
